Application is running with Unicode string encoding.
W : pro_bind : attempt to bind function "get_model_file_full_path" , which is already bound
set_undo_stack_limit:  input string in the config :: invalid, limit set to 200 (INFO MESSAGE)
DUMMY - pro_set_input_devices_allowed
DUMMY - putxyres
pglSetStatus: Pgl Session Initialize
DUMMY - putxyres
Valid file wpplibs.cmp with extension cmp was not found in any of CURRENT_DIR,PROJ_LANG_TEXT_DIR,PROJ_TEXT_DIR,CUSTOM_LOCALE_FONT_DIR,PRO_LANG_TEXT_DIR,PRO_TEXT_DIR,MACHINE_LANG_TEXT_DIR,MACHINE_TEXT_DIR,PRO_FONT_DIR
Valid file wpplibs.cmp with extension cmp was not found in any of CURRENT_DIR,PROJ_LANG_TEXT_DIR,PROJ_TEXT_DIR,CUSTOM_LOCALE_FONT_DIR,PRO_LANG_TEXT_DIR,PRO_TEXT_DIR,MACHINE_LANG_TEXT_DIR,MACHINE_TEXT_DIR,PRO_FONT_DIR
uit_get_visual_style_low:  Style is PTC Creo 1 (INFO MESSAGE)
GalleryBaseWdg::GalleryBaseWdg:  Activate command of 'ProCmdDwgTblFromGallery' should be type uiCmdTypeNone (INFO MESSAGE)
GalleryBaseWdg::GalleryBaseWdg:  Activate command of 'ProCmdCEFormatsGallery' should be type uiCmdTypeNone (INFO MESSAGE)
GalleryBaseWdg::GalleryBaseWdg:  Activate command of 'ProCmdCEFltFormatsGallery' should be type uiCmdTypeNone (INFO MESSAGE)
uit_CmdUiLoadIfNeeded:  The size of image 'mechanism_large' is not valid ('32x32') in short resource 'procmdutilappmech.res' (INFO MESSAGE)
uit_CmdUiLoadIfNeeded:  The size of image 'animation_large' is not valid ('32x32') in short resource 'procmdutilappanim.res' (INFO MESSAGE)
uit_CmdUiLoadIfNeeded:  The size of image 'welding_large' is not valid ('32x32') in short resource 'procmdutilappasmweld.res' (INFO MESSAGE)
uit_CmdUiLoadIfNeeded:  The size of image 'welding_large' is not valid ('32x32') in short resource 'procmdutilappprtweld.res' (INFO MESSAGE)
uit_CmdUiLoadIfNeeded:  The size of image 'piping_large' is not valid ('32x32') in short resource 'procmdutilapppipe.res' (INFO MESSAGE)
uit_CmdUiLoadIfNeeded:  The size of image 'cabling_large' is not valid ('32x32') in short resource 'procmdutilappcable.res' (INFO MESSAGE)
uit_CmdUiLoadIfNeeded:  The size of image 'mold_cast_large' is not valid ('32x32') in short resource 'procmdutilappmoldcast.res' (INFO MESSAGE)
uit_CmdUiLoadIfNeeded:  The size of image 'mold_layout_large' is not valid ('32x32') in short resource 'procmdutilappasmmoldlayout.res' (INFO MESSAGE)
uit_CmdUiLoadIfNeeded:  The size of image 'drawing_app_large.bif' is not valid ('32x32') in short resource 'procmdutilappdwgstd.res' (INFO MESSAGE)
uit_CmdUiLoadIfNeeded:  The size of image 'legacy_drawing_associator_large.bif' is not valid ('32x32') in short resource 'procmdutilappdwglgcy.res' (INFO MESSAGE)
uit_CmdUiLoadIfNeeded:  The size of image 'drw_template_view_large.bif' is not valid ('32x32') in short resource 'procmdutilappdwgtmplt.res' (INFO MESSAGE)
uit_CmdUiLoadIfNeeded:  The size of image 'piping_large.bif' is not valid ('32x32') in short resource 'procmdutilappdwgpipe.res' (INFO MESSAGE)
uit_CmdUiLoadIfNeeded:  The size of image 'harness_mfg_large' is not valid ('32x32') in short resource 'procmdhmestart.res' (INFO MESSAGE)
ProCmdSelBufferAttrSet():  Can't to find the command: ProCmdFaceted (INFO MESSAGE)
ProCmdSelBufferAttrSet():  Selection Buffer Attribute loaded 41 commands (INFO MESSAGE)
GalleryBaseWdg::GalleryBaseWdg:  Activate command of 'ProCmdMankSelGalPostr' should be type uiCmdTypeNone (INFO MESSAGE)
uit_CmdUiLoadIfNeeded:  The size of image 'man_postures_apply.bif' is not valid ('32x32') in short resource 'procmdmankapplgalpostr.res' (INFO MESSAGE)
uit_CmdUiLoadIfNeeded:  The size of image 'extrev_solid_large' is not valid ('32x32') in short resource 'procmddmatoolextrudesolid.res' (INFO MESSAGE)
uit_CmdUiLoadIfNeeded:  The size of image 'extrev_cut_large' is not valid ('32x32') in short resource 'procmddmatoolextrudecut.res' (INFO MESSAGE)
uit_CmdUiLoadIfNeeded:  The size of image 'ff_surftool_large' is not valid ('32x32') in short resource 'procmddmatoolextrudesurf.res' (INFO MESSAGE)
uit_CmdUiLoadIfNeeded:  The size of image 'ff_taper_large' is not valid ('32x32') in short resource 'procmddmatoolextrudetaper.res' (INFO MESSAGE)
uit_CmdUiLoadIfNeeded:  The size of image 'ff_taper_large' is not valid ('32x32') in short resource 'procmddmaextrudetaper.res' (INFO MESSAGE)
uit_CmdUiLoadIfNeeded:  The size of image 'extrev_solid_large' is not valid ('32x32') in short resource 'procmddmatoolrevolvesolid.res' (INFO MESSAGE)
uit_CmdUiLoadIfNeeded:  The size of image 'extrev_cut_large' is not valid ('32x32') in short resource 'procmddmatoolrevolvecut.res' (INFO MESSAGE)
uit_CmdUiLoadIfNeeded:  The size of image 'ff_surftool_large' is not valid ('32x32') in short resource 'procmddmatoolrevolvesurf.res' (INFO MESSAGE)
uit_CmdUiLoadIfNeeded:  The size of image 'extrev_solid_large' is not valid ('32x32') in short resource 'procmddmatoolsweepsolid.res' (INFO MESSAGE)
uit_CmdUiLoadIfNeeded:  The size of image 'extrev_cut_large' is not valid ('32x32') in short resource 'procmddmatoolsweepcut.res' (INFO MESSAGE)
uit_CmdUiLoadIfNeeded:  The size of image 'ff_surftool_large' is not valid ('32x32') in short resource 'procmddmatoolsweepsurf.res' (INFO MESSAGE)
uit_CmdUiLoadIfNeeded:  The size of image 'feat_patch_large.bif' is not valid ('32x32') in short resource 'procmddmatoolsolidify.res' (INFO MESSAGE)
uit_CmdUiLoadIfNeeded:  The size of image 'extrev_solid_large' is not valid ('32x32') in short resource 'procmddmatoolsolidifys.res' (INFO MESSAGE)
uit_CmdUiLoadIfNeeded:  The size of image 'extrev_cut_large' is not valid ('32x32') in short resource 'procmddmatoolsolidifyc.res' (INFO MESSAGE)
uit_CmdUiLoadIfNeeded:  The size of image 'recipe_linear_large.bif' is not valid ('32x32') in short resource 'procmddmatoolpattern1d.res' (INFO MESSAGE)
uit_CmdUiLoadIfNeeded:  The size of image 'recipe_linear_linear_large.bif' is not valid ('32x32') in short resource 'procmddmatoolpattern2d.res' (INFO MESSAGE)
uit_CmdUiLoadIfNeeded:  The size of image 'find_round_large' is not valid ('32x32') in short resource 'procmddmatoolrcgrnd.res' (INFO MESSAGE)
uit_CmdUiLoadIfNeeded:  The size of image 'find_chamfer_large' is not valid ('32x32') in short resource 'procmddmatoolrcgchm.res' (INFO MESSAGE)
uit_CmdUiLoadIfNeeded:  The size of image 'not_round_large' is not valid ('32x32') in short resource 'procmddmatoolunrcgrnd.res' (INFO MESSAGE)
uit_CmdUiLoadIfNeeded:  The size of image 'not_chamfer_large' is not valid ('32x32') in short resource 'procmddmatoolunrcgchm.res' (INFO MESSAGE)
uit_CmdUiLoadIfNeeded:  The size of image 'rmdt_csys_a.bif' is not valid ('32x32') in short resource 'procmddmatoolcsysori1ref.res' (INFO MESSAGE)
uit_CmdUiLoadIfNeeded:  The size of image 'rmdt_csys_a.bif' is not valid ('32x32') in short resource 'procmddmatoolcsysori2ref.res' (INFO MESSAGE)
uit_CmdUiLoadIfNeeded:  The size of image 'measure_summary_large.bif' is not valid ('32x32') in short resource 'procmddmatoolmeasure.res' (INFO MESSAGE)
uit_CmdUiLoadIfNeeded:  The size of image 'analysis_prop_mass_large.bif' is not valid ('32x32') in short resource 'procmddmatoolmeasuremp.res' (INFO MESSAGE)
uit_CmdUiLoadIfNeeded:  Can't find a resource ProCmd3dPrintQualityMode. (INFO MESSAGE)
uit_CmdUiLoadIfNeeded:  The size of image 'print_3d_large' is not valid ('32x32') in short resource 'procmd3dprint.res' (INFO MESSAGE)
uit_CmdUiLoadIfNeeded:  The size of image 'save_as_large' is not valid ('32x32') in short resource 'procmd3dprintsaveas.res' (INFO MESSAGE)
RbnDBData::RbnDbLoadData:  Failed to read DMA_ribbon_db (error -4) (ORDER_DEBUG)
addHints:  adding UGC_NEUTRAL (INFO MESSAGE)
maybe_open:  hint is UGC_NEUTRAL (INFO MESSAGE)
ugc_check_version_dbtype:  file 67 != expected 7 (INFO MESSAGE)
RbnDBData::RbnDbLoadData:  Failed to read PRO_ribbon_db (error -4) (ORDER_DEBUG)
addHints:  adding UGC_NEUTRAL (INFO MESSAGE)
maybe_open:  hint is UGC_NEUTRAL (INFO MESSAGE)
ugc_check_version_dbtype:  file 67 != expected 7 (INFO MESSAGE)
RbnDBData::RbnDbLoadData:  Failed to read DMA_cmd_groups_db (error -4) (ORDER_DEBUG)
addHints:  adding UGC_NEUTRAL (INFO MESSAGE)
maybe_open:  hint is UGC_NEUTRAL (INFO MESSAGE)
ugc_check_version_dbtype:  file 67 != expected 7 (INFO MESSAGE)
RbnDBData::RbnDbLoadData:  Failed to read DMA_fdb_db (error -4) (ORDER_DEBUG)
addHints:  adding UGC_NEUTRAL (INFO MESSAGE)
maybe_open:  hint is UGC_NEUTRAL (INFO MESSAGE)
ugc_check_version_dbtype:  file 67 != expected 7 (INFO MESSAGE)
RbnDBData::RbnDbLoadData:  Failed to read C:\Program Files (x86)\PTC\Creo 3.0\M100\Common Files\text\creo_direct_admin_customization.ui (error -4) (ORDER_DEBUG)
RbnDBData::RbnDbLoadData:  Failed to read C:\Users\user\AppData\Roaming\PTC\ProENGINEER\Wildfire\.wf\.Settings\creo_direct_customization.ui (error -4) (ORDER_DEBUG)
DBAsIncStructGetDefault:  Couldn't load default db (ORDER_DEBUG)
uit_CmdUiLoadIfNeeded:  The size of image 'options_large.bif' is not valid ('32x32') in short resource 'procmdribbonoptionsdlg.res' (INFO MESSAGE)
ResizeControlWdg::resizeContainerHorz:  Can't resize the control bar properly (INFO MESSAGE)
reset_text_params:  failed to get font codeset (ORDER_DEBUG)
ResizeControlWdg::resizeContainerHorz:  Can't resize the control bar properly (INFO MESSAGE)
uit_CmdUiLoadIfNeeded:  The size of image 'session_warning_events32x16' is not valid ('32x16') in short resource 'procmdinfonmgrlightdlg.res' (INFO MESSAGE)
uit_get_visual_style_low:  Style is PTC Creo 1 (INFO MESSAGE)
pglSetStatus: PglWindowEndNoGraphics: Not in nographics mode.

 run mode = 2
cadds5_link_app_path_name():  NuTCRACKER is not installed (INFO MESSAGE)
check_exec_file_accessible_():  C:\Program Files (x86)\PTC\Creo 3.0\M100\Common Files\\i486_nt\obj\SWToPro.exe accessible (INFO MESSAGE)
check_exec_file_accessible_():  C:\Program Files (x86)\PTC\Creo 3.0\M100\Common Files\\i486_nt\obj\SeodxToPro.exe accessible (INFO MESSAGE)
PFSTMakeTypeString:  no zip found (INFO MESSAGE)
MISSING_TRANS_ENTRY:  Item 'TLBCATIA 3DEXPERIENCE Assembly' is missing from the language version of hash-based message lookup (INFO MESSAGE)
MISSING_TRANS_ENTRY:  Item 'TLBCATIA 3DEXPERIENCE Part' is missing from the language version of hash-based message lookup (INFO MESSAGE)
MISSING_TRANS_ENTRY:  Item 'TLBCATIA 3DEXPERIENCE Drawing' is missing from the language version of hash-based message lookup (INFO MESSAGE)
MISSING_TRANS_ENTRY:  Item 'TLBCATIA 3DEXPERIENCE 3DShape' is missing from the language version of hash-based message lookup (INFO MESSAGE)
MISSING_TRANS_ENTRY:  Item 'TLBCATIA 3DEXPERIENCE 3DXML' is missing from the language version of hash-based message lookup (INFO MESSAGE)
AdbPage::buildSizeStateTable:  Can't build Size State Table for page 'page_Empty' (INFO MESSAGE)
pro_locate_colormap ()
located color definition C:\Program Files (x86)\PTC\Creo 3.0\M100\Common Files\graphic-library\appearances\appearance.dmt
pro_locate_colormap ()
located color definition C:\Program Files (x86)\PTC\Creo 3.0\M100\Common Files\graphic-library\appearances\global.dmt
pro_locate_colormap ()
located Default color definition C:\Program Files (x86)\PTC\Creo 3.0\M100\Common Files\graphic-library\appearances\default.dmt
creoapp_get_root_info:  no active workspace (INFO MESSAGE)
creoapp_get_root_info:  no workspace for 0 (INFO MESSAGE)
creoapp_get_root_info:  no roots? (INFO MESSAGE)
pro_notification_remove:  failed to find func to remove (INFO MESSAGE)
pgli_ogl_release_one_native_texture::  Invalid Opengl Context
 (INFO MESSAGE)
